stty: 'standard input': Inappropriate ioctl for device
stty: 'standard input': Inappropriate ioctl for device
stty: 'standard input': Inappropriate ioctl for device
/usr/bin/bashtop: line 660: ((: <80 | <24: syntax error: operand expected (error token is "<80 | <24")
/usr/bin/bashtop: line 660: ((: <80 | <24: syntax error: operand expected (error token is "<80 | <24")
stty: 'standard input': Inappropriate ioctl for device
stty: 'standard input': Inappropriate ioctl for device
stty: 'standard input': Inappropriate ioctl for device
stty: 'standard input': Inappropriate ioctl for device
/usr/bin/bashtop: line 660: ((: <80 | <24: syntax error: operand expected (error token is "<80 | <24")
/usr/bin/bashtop: line 660: ((: <80 | <24: syntax error: operand expected (error token is "<80 | <24")
stty: stty: 'standard input''standard input': Inappropriate ioctl for device: Inappropriate ioctl for device

stty: 'standard input': Inappropriate ioctl for device
stty: 'standard input': Inappropriate ioctl for device
/usr/bin/bashtop: line 660: ((: <80 | <24: syntax error: operand expected (error token is "<80 | <24")
/usr/bin/bashtop: line 660: ((: <80 | <24: syntax error: operand expected (error token is "<80 | <24")
stty: 'standard input': Inappropriate ioctl for device
stty: 'standard input': Inappropriate ioctl for device
stty: stty: 'standard input': Inappropriate ioctl for device'standard input'
: Inappropriate ioctl for device
/usr/bin/bashtop: line 660: ((: <80 | <24: syntax error: operand expected (error token is "<80 | <24")
/usr/bin/bashtop: line 660: ((: <80 | <24: syntax error: operand expected (error token is "<80 | <24")
stty: stty: 'standard input''standard input': Inappropriate ioctl for device: Inappropriate ioctl for device

stty: 'standard input': Inappropriate ioctl for device
stty: 'standard input': Inappropriate ioctl for device
/usr/bin/bashtop: line 660: ((: <80 | <24: syntax error: operand expected (error token is "<80 | <24")
/usr/bin/bashtop: line 660: ((: <80 | <24: syntax error: operand expected (error token is "<80 | <24")
stty: 'standard input': Inappropriate ioctl for device
stty: 'standard input': Inappropriate ioctl for device
stty: 'standard input': Inappropriate ioctl for device
stty: 'standard input': Inappropriate ioctl for device
/usr/bin/bashtop: line 660: ((: <80 | <24: syntax error: operand expected (error token is "<80 | <24")
/usr/bin/bashtop: line 660: ((: <80 | <24: syntax error: operand expected (error token is "<80 | <24")
stty: 'standard input': Inappropriate ioctl for device
stty: 'standard input': Inappropriate ioctl for device
stty: 'standard input': Inappropriate ioctl for device
stty: 'standard input': Inappropriate ioctl for device
/usr/bin/bashtop: line 660: ((: <80 | <24: syntax error: operand expected (error token is "<80 | <24")
/usr/bin/bashtop: line 660: ((: <80 | <24: syntax error: operand expected (error token is "<80 | <24")
stty: stty: 'standard input''standard input': Inappropriate ioctl for device: Inappropriate ioctl for device

stty: 'standard input': Inappropriate ioctl for device
stty: 'standard input': Inappropriate ioctl for device
/usr/bin/bashtop: line 660: ((: <80 | <24: syntax error: operand expected (error token is "<80 | <24")
/usr/bin/bashtop: line 660: ((: <80 | <24: syntax error: operand expected (error token is "<80 | <24")
stty: 'standard input': Inappropriate ioctl for device
stty: 'standard input': Inappropriate ioctl for device
stty: 'standard input': Inappropriate ioctl for device
stty: 'standard input': Inappropriate ioctl for device
/usr/bin/bashtop: line 660: ((: <80 | <24: syntax error: operand expected (error token is "<80 | <24")
/usr/bin/bashtop: line 660: ((: <80 | <24: syntax error: operand expected (error token is "<80 | <24")
stty: 'standard input': Inappropriate ioctl for device
stty: 'standard input': Inappropriate ioctl for device
stty: 'standard input': Inappropriate ioctl for device
stty: 'standard input': Inappropriate ioctl for device
/usr/bin/bashtop: line 660: ((: <80 | <24: syntax error: operand expected (error token is "<80 | <24")
/usr/bin/bashtop: line 660: ((: <80 | <24: syntax error: operand expected (error token is "<80 | <24")
stty: 'standard input': Inappropriate ioctl for device
stty: 'standard input': Inappropriate ioctl for device
stty: 'standard input': Inappropriate ioctl for device
stty: 'standard input': Inappropriate ioctl for device
/usr/bin/bashtop: line 660: ((: <80 | <24: syntax error: operand expected (error token is "<80 | <24")
/usr/bin/bashtop: line 660: ((: <80 | <24: syntax error: operand expected (error token is "<80 | <24")
stty: 'standard input': Inappropriate ioctl for device
stty: 'standard input': Inappropriate ioctl for device
stty: 'standard input': Inappropriate ioctl for device
stty: 'standard input': Inappropriate ioctl for device
/usr/bin/bashtop: line 660: ((: <80 | <24: syntax error: operand expected (error token is "<80 | <24")
/usr/bin/bashtop: line 660: ((: <80 | <24: syntax error: operand expected (error token is "<80 | <24")
stty: 'standard input': Inappropriate ioctl for device
stty: 'standard input': Inappropriate ioctl for device
stty: 'standard input': Inappropriate ioctl for device
stty: 'standard input': Inappropriate ioctl for device
/usr/bin/bashtop: line 660: ((: <80 | <24: syntax error: operand expected (error token is "<80 | <24")
/usr/bin/bashtop: line 660: ((: <80 | <24: syntax error: operand expected (error token is "<80 | <24")
stty: 'standard input': Inappropriate ioctl for device
stty: 'standard input': Inappropriate ioctl for device
stty: stty: 'standard input': Inappropriate ioctl for device'standard input'
: Inappropriate ioctl for device
/usr/bin/bashtop: line 660: ((: <80 | <24: syntax error: operand expected (error token is "<80 | <24")
/usr/bin/bashtop: line 660: ((: <80 | <24: syntax error: operand expected (error token is "<80 | <24")
stty: 'standard input': Inappropriate ioctl for device
stty: 'standard input': Inappropriate ioctl for device
stty: 'standard input': Inappropriate ioctl for device
stty: 'standard input': Inappropriate ioctl for device
/usr/bin/bashtop: line 660: ((: <80 | <24: syntax error: operand expected (error token is "<80 | <24")
/usr/bin/bashtop: line 660: ((: <80 | <24: syntax error: operand expected (error token is "<80 | <24")
stty: stty: 'standard input''standard input': Inappropriate ioctl for device: Inappropriate ioctl for device

stty: 'standard input': Inappropriate ioctl for device
stty: 'standard input': Inappropriate ioctl for device
/usr/bin/bashtop: line 660: ((: <80 | <24: syntax error: operand expected (error token is "<80 | <24")
/usr/bin/bashtop: line 660: ((: <80 | <24: syntax error: operand expected (error token is "<80 | <24")
stty: 'standard input': Inappropriate ioctl for device
stty: 'standard input': Inappropriate ioctl for device
stty: 'standard input': Inappropriate ioctl for device
stty: 'standard input': Inappropriate ioctl for device
/usr/bin/bashtop: line 660: ((: <80 | <24: syntax error: operand expected (error token is "<80 | <24")
/usr/bin/bashtop: line 660: ((: <80 | <24: syntax error: operand expected (error token is "<80 | <24")
stty: 'standard input': Inappropriate ioctl for device
stty: 'standard input': Inappropriate ioctl for device
stty: 'standard input': Inappropriate ioctl for device
stty: 'standard input': Inappropriate ioctl for device
/usr/bin/bashtop: line 660: ((: <80 | <24: syntax error: operand expected (error token is "<80 | <24")
/usr/bin/bashtop: line 660: ((: <80 | <24: syntax error: operand expected (error token is "<80 | <24")
stty: stty: 'standard input''standard input': Inappropriate ioctl for device: Inappropriate ioctl for device

stty: 'standard input': Inappropriate ioctl for device
stty: 'standard input': Inappropriate ioctl for device
/usr/bin/bashtop: line 660: ((: <80 | <24: syntax error: operand expected (error token is "<80 | <24")
/usr/bin/bashtop: line 660: ((: <80 | <24: syntax error: operand expected (error token is "<80 | <24")
stty: stty: 'standard input''standard input': Inappropriate ioctl for device: Inappropriate ioctl for device

stty: 'standard input': Inappropriate ioctl for devicestty: 
'standard input': Inappropriate ioctl for device
/usr/bin/bashtop: line 660: ((: <80 | <24: syntax error: operand expected (error token is "<80 | <24")
/usr/bin/bashtop: line 660: ((: <80 | <24: syntax error: operand expected (error token is "<80 | <24")
stty: stty: 'standard input': Inappropriate ioctl for device'standard input'
: Inappropriate ioctl for device
stty: 'standard input': Inappropriate ioctl for device
stty: 'standard input': Inappropriate ioctl for device
/usr/bin/bashtop: line 660: ((: <80 | <24: syntax error: operand expected (error token is "<80 | <24")
/usr/bin/bashtop: line 660: ((: <80 | <24: syntax error: operand expected (error token is "<80 | <24")
stty: 'standard input': Inappropriate ioctl for device
stty: 'standard input': Inappropriate ioctl for device
stty: 'standard input': Inappropriate ioctl for device
stty: 'standard input': Inappropriate ioctl for device
/usr/bin/bashtop: line 660: ((: <80 | <24: syntax error: operand expected (error token is "<80 | <24")
/usr/bin/bashtop: line 660: ((: <80 | <24: syntax error: operand expected (error token is "<80 | <24")
stty: 'standard input'stty: : Inappropriate ioctl for device'standard input'
: Inappropriate ioctl for device
stty: 'standard input': Inappropriate ioctl for device
stty: 'standard input': Inappropriate ioctl for device
/usr/bin/bashtop: line 660: ((: <80 | <24: syntax error: operand expected (error token is "<80 | <24")
/usr/bin/bashtop: line 660: ((: <80 | <24: syntax error: operand expected (error token is "<80 | <24")
stty: 'standard input': Inappropriate ioctl for device
stty: 'standard input': Inappropriate ioctl for device
stty: 'standard input': Inappropriate ioctl for device
stty: 'standard input': Inappropriate ioctl for device
/usr/bin/bashtop: line 660: ((: <80 | <24: syntax error: operand expected (error token is "<80 | <24")
/usr/bin/bashtop: line 660: ((: <80 | <24: syntax error: operand expected (error token is "<80 | <24")
stty: 'standard input': Inappropriate ioctl for device
stty: 'standard input': Inappropriate ioctl for device
stty: 'standard input': Inappropriate ioctl for device
stty: 'standard input': Inappropriate ioctl for device
/usr/bin/bashtop: line 660: ((: <80 | <24: syntax error: operand expected (error token is "<80 | <24")
/usr/bin/bashtop: line 660: ((: <80 | <24: syntax error: operand expected (error token is "<80 | <24")
stty: 'standard input': Inappropriate ioctl for device
stty: 'standard input': Inappropriate ioctl for device
stty: 'standard input': Inappropriate ioctl for device
stty: 'standard input': Inappropriate ioctl for device
/usr/bin/bashtop: line 660: ((: <80 | <24: syntax error: operand expected (error token is "<80 | <24")
/usr/bin/bashtop: line 660: ((: <80 | <24: syntax error: operand expected (error token is "<80 | <24")
stty: 'standard input': Inappropriate ioctl for devicestty: 
'standard input': Inappropriate ioctl for device
stty: 'standard input'stty: : Inappropriate ioctl for device'standard input'
: Inappropriate ioctl for device
/usr/bin/bashtop: line 660: ((: <80 | <24: syntax error: operand expected (error token is "<80 | <24")
/usr/bin/bashtop: line 660: ((: <80 | <24: syntax error: operand expected (error token is "<80 | <24")
stty: 'standard input': Inappropriate ioctl for device
stty: 'standard input': Inappropriate ioctl for device
stty: 'standard input'stty: : Inappropriate ioctl for device'standard input'
: Inappropriate ioctl for device
/usr/bin/bashtop: line 660: ((: <80 | <24: syntax error: operand expected (error token is "<80 | <24")
/usr/bin/bashtop: line 660: ((: <80 | <24: syntax error: operand expected (error token is "<80 | <24")
stty: 'standard input': Inappropriate ioctl for device
stty: 'standard input': Inappropriate ioctl for device
stty: 'standard input': Inappropriate ioctl for device
stty: 'standard input': Inappropriate ioctl for device
/usr/bin/bashtop: line 660: ((: <80 | <24: syntax error: operand expected (error token is "<80 | <24")
/usr/bin/bashtop: line 660: ((: <80 | <24: syntax error: operand expected (error token is "<80 | <24")
stty: 'standard input': Inappropriate ioctl for devicestty: 
'standard input': Inappropriate ioctl for device
stty: stty: 'standard input''standard input': Inappropriate ioctl for device: Inappropriate ioctl for device

/usr/bin/bashtop: line 660: ((: <80 | <24: syntax error: operand expected (error token is "<80 | <24")
/usr/bin/bashtop: line 660: ((: <80 | <24: syntax error: operand expected (error token is "<80 | <24")
stty: stty: 'standard input''standard input': Inappropriate ioctl for device: Inappropriate ioctl for device

stty: 'standard input': Inappropriate ioctl for device
stty: 'standard input': Inappropriate ioctl for device
/usr/bin/bashtop: line 660: ((: <80 | <24: syntax error: operand expected (error token is "<80 | <24")
/usr/bin/bashtop: line 660: ((: <80 | <24: syntax error: operand expected (error token is "<80 | <24")
stty: 'standard input': Inappropriate ioctl for device
stty: 'standard input': Inappropriate ioctl for device
stty: 'standard input': Inappropriate ioctl for device
stty: 'standard input': Inappropriate ioctl for device
/usr/bin/bashtop: line 660: ((: <80 | <24: syntax error: operand expected (error token is "<80 | <24")
/usr/bin/bashtop: line 660: ((: <80 | <24: syntax error: operand expected (error token is "<80 | <24")
stty: 'standard input'stty: : Inappropriate ioctl for device'standard input'
: Inappropriate ioctl for device
stty: 'standard input': Inappropriate ioctl for devicestty: 
'standard input': Inappropriate ioctl for device
/usr/bin/bashtop: line 660: ((: <80 | <24: syntax error: operand expected (error token is "<80 | <24")
/usr/bin/bashtop: line 660: ((: <80 | <24: syntax error: operand expected (error token is "<80 | <24")
stty: 'standard input': Inappropriate ioctl for device
stty: 'standard input': Inappropriate ioctl for device
stty: 'standard input': Inappropriate ioctl for device
/usr/bin/bashtop: line 660: ((: <80 | <24: syntax error: operand expected (error token is "<80 | <24")
stty: 'standard input': Inappropriate ioctl for device
/usr/bin/bashtop: line 660: ((: <80 | <24: syntax error: operand expected (error token is "<80 | <24")
stty: 'standard input': Inappropriate ioctl for device
stty: 'standard input': Inappropriate ioctl for device
stty: 'standard input': Inappropriate ioctl for device
/usr/bin/bashtop: line 660: ((: <80 | <24: syntax error: operand expected (error token is "<80 | <24")
stty: 'standard input': Inappropriate ioctl for device
/usr/bin/bashtop: line 660: ((: <80 | <24: syntax error: operand expected (error token is "<80 | <24")
stty: 'standard input'stty: : Inappropriate ioctl for device'standard input'
: Inappropriate ioctl for device
stty: 'standard input': Inappropriate ioctl for device
stty: 'standard input': Inappropriate ioctl for device
/usr/bin/bashtop: line 660: ((: <80 | <24: syntax error: operand expected (error token is "<80 | <24")
/usr/bin/bashtop: line 660: ((: <80 | <24: syntax error: operand expected (error token is "<80 | <24")
stty: 'standard input': Inappropriate ioctl for device
stty: 'standard input': Inappropriate ioctl for device
stty: stty: 'standard input''standard input': Inappropriate ioctl for device: Inappropriate ioctl for device

/usr/bin/bashtop: line 660: ((: <80 | <24: syntax error: operand expected (error token is "<80 | <24")
/usr/bin/bashtop: line 660: ((: <80 | <24: syntax error: operand expected (error token is "<80 | <24")
stty: stty: 'standard input''standard input': Inappropriate ioctl for device: Inappropriate ioctl for device

stty: 'standard input': Inappropriate ioctl for device
stty: 'standard input': Inappropriate ioctl for device
/usr/bin/bashtop: line 660: ((: <80 | <24: syntax error: operand expected (error token is "<80 | <24")
/usr/bin/bashtop: line 660: ((: <80 | <24: syntax error: operand expected (error token is "<80 | <24")
stty: 'standard input': Inappropriate ioctl for device
stty: 'standard input': Inappropriate ioctl for device
stty: 'standard input': Inappropriate ioctl for device
/usr/bin/bashtop: line 660: ((: <80 | <24: syntax error: operand expected (error token is "<80 | <24")
stty: 'standard input': Inappropriate ioctl for device
/usr/bin/bashtop: line 660: ((: <80 | <24: syntax error: operand expected (error token is "<80 | <24")
stty: stty: 'standard input''standard input': Inappropriate ioctl for device: Inappropriate ioctl for device

stty: 'standard input'stty: : Inappropriate ioctl for device'standard input'
: Inappropriate ioctl for device
/usr/bin/bashtop: line 660: ((: <80 | <24: syntax error: operand expected (error token is "<80 | <24")
/usr/bin/bashtop: line 660: ((: <80 | <24: syntax error: operand expected (error token is "<80 | <24")
stty: 'standard input': Inappropriate ioctl for device
stty: 'standard input': Inappropriate ioctl for device
stty: 'standard input': Inappropriate ioctl for device
stty: 'standard input': Inappropriate ioctl for device
/usr/bin/bashtop: line 660: ((: <80 | <24: syntax error: operand expected (error token is "<80 | <24")
/usr/bin/bashtop: line 660: ((: <80 | <24: syntax error: operand expected (error token is "<80 | <24")
stty: 'standard input': Inappropriate ioctl for device
stty: 'standard input': Inappropriate ioctl for device
stty: 'standard input': Inappropriate ioctl for device
stty: 'standard input': Inappropriate ioctl for device
/usr/bin/bashtop: line 660: ((: <80 | <24: syntax error: operand expected (error token is "<80 | <24")
/usr/bin/bashtop: line 660: ((: <80 | <24: syntax error: operand expected (error token is "<80 | <24")
stty: 'standard input': Inappropriate ioctl for device
stty: 'standard input': Inappropriate ioctl for device
stty: stty: 'standard input''standard input': Inappropriate ioctl for device: Inappropriate ioctl for device

/usr/bin/bashtop: line 660: ((: <80 | <24: syntax error: operand expected (error token is "<80 | <24")
/usr/bin/bashtop: line 660: ((: <80 | <24: syntax error: operand expected (error token is "<80 | <24")
stty: 'standard input': Inappropriate ioctl for device
stty: 'standard input': Inappropriate ioctl for device
stty: 'standard input': Inappropriate ioctl for device
stty: 'standard input': Inappropriate ioctl for device
/usr/bin/bashtop: line 660: ((: <80 | <24: syntax error: operand expected (error token is "<80 | <24")
/usr/bin/bashtop: line 660: ((: <80 | <24: syntax error: operand expected (error token is "<80 | <24")
stty: stty: 'standard input''standard input': Inappropriate ioctl for device: Inappropriate ioctl for device

stty: 'standard input': Inappropriate ioctl for device
stty: 'standard input': Inappropriate ioctl for device
/usr/bin/bashtop: line 660: ((: <80 | <24: syntax error: operand expected (error token is "<80 | <24")
/usr/bin/bashtop: line 660: ((: <80 | <24: syntax error: operand expected (error token is "<80 | <24")
stty: 'standard input': Inappropriate ioctl for device
stty: 'standard input': Inappropriate ioctl for device
stty: 'standard input': Inappropriate ioctl for device
stty: 'standard input': Inappropriate ioctl for device
/usr/bin/bashtop: line 660: ((: <80 | <24: syntax error: operand expected (error token is "<80 | <24")
/usr/bin/bashtop: line 660: ((: <80 | <24: syntax error: operand expected (error token is "<80 | <24")
stty: 'standard input': Inappropriate ioctl for device
stty: 'standard input': Inappropriate ioctl for device
stty: 'standard input': Inappropriate ioctl for device
stty: 'standard input': Inappropriate ioctl for device
/usr/bin/bashtop: line 660: ((: <80 | <24: syntax error: operand expected (error token is "<80 | <24")
/usr/bin/bashtop: line 660: ((: <80 | <24: syntax error: operand expected (error token is "<80 | <24")
stty: 'standard input': Inappropriate ioctl for device
stty: 'standard input': Inappropriate ioctl for device
stty: 'standard input': Inappropriate ioctl for device
stty: 'standard input': Inappropriate ioctl for device
/usr/bin/bashtop: line 660: ((: <80 | <24: syntax error: operand expected (error token is "<80 | <24")
/usr/bin/bashtop: line 660: ((: <80 | <24: syntax error: operand expected (error token is "<80 | <24")
stty: 'standard input': Inappropriate ioctl for device
stty: 'standard input': Inappropriate ioctl for device
stty: 'standard input': Inappropriate ioctl for device
stty: 'standard input': Inappropriate ioctl for device
/usr/bin/bashtop: line 660: ((: <80 | <24: syntax error: operand expected (error token is "<80 | <24")
/usr/bin/bashtop: line 660: ((: <80 | <24: syntax error: operand expected (error token is "<80 | <24")
stty: 'standard input': Inappropriate ioctl for device
stty: 'standard input': Inappropriate ioctl for device
stty: 'standard input': Inappropriate ioctl for device
stty: 'standard input': Inappropriate ioctl for device
/usr/bin/bashtop: line 660: ((: <80 | <24: syntax error: operand expected (error token is "<80 | <24")
/usr/bin/bashtop: line 660: ((: <80 | <24: syntax error: operand expected (error token is "<80 | <24")
stty: stty: 'standard input''standard input': Inappropriate ioctl for device: Inappropriate ioctl for device

stty: stty: 'standard input''standard input': Inappropriate ioctl for device: Inappropriate ioctl for device

/usr/bin/bashtop: line 660: ((: <80 | <24: syntax error: operand expected (error token is "<80 | <24")
/usr/bin/bashtop: line 660: ((: <80 | <24: syntax error: operand expected (error token is "<80 | <24")
stty: stty: 'standard input''standard input': Inappropriate ioctl for device: Inappropriate ioctl for device

stty: 'standard input'stty: : Inappropriate ioctl for device'standard input'
: Inappropriate ioctl for device
/usr/bin/bashtop: line 660: ((: <80 | <24: syntax error: operand expected (error token is "<80 | <24")
/usr/bin/bashtop: line 660: ((: <80 | <24: syntax error: operand expected (error token is "<80 | <24")
stty: stty: 'standard input''standard input': Inappropriate ioctl for device: Inappropriate ioctl for device

stty: 'standard input': Inappropriate ioctl for device
stty: 'standard input': Inappropriate ioctl for device
/usr/bin/bashtop: line 660: ((: <80 | <24: syntax error: operand expected (error token is "<80 | <24")
/usr/bin/bashtop: line 660: ((: <80 | <24: syntax error: operand expected (error token is "<80 | <24")
stty: stty: 'standard input''standard input': Inappropriate ioctl for device: Inappropriate ioctl for device

stty: 'standard input': Inappropriate ioctl for device
stty: 'standard input': Inappropriate ioctl for device
/usr/bin/bashtop: line 660: ((: <80 | <24: syntax error: operand expected (error token is "<80 | <24")
/usr/bin/bashtop: line 660: ((: <80 | <24: syntax error: operand expected (error token is "<80 | <24")
stty: 'standard input': Inappropriate ioctl for device
stty: 'standard input': Inappropriate ioctl for device
stty: 'standard input': Inappropriate ioctl for devicestty: 
'standard input': Inappropriate ioctl for device
/usr/bin/bashtop: line 660: ((: <80 | <24: syntax error: operand expected (error token is "<80 | <24")
/usr/bin/bashtop: line 660: ((: <80 | <24: syntax error: operand expected (error token is "<80 | <24")
stty: stty: 'standard input''standard input': Inappropriate ioctl for device: Inappropriate ioctl for device

stty: stty: 'standard input''standard input': Inappropriate ioctl for device: Inappropriate ioctl for device

/usr/bin/bashtop: line 660: ((: <80 | <24: syntax error: operand expected (error token is "<80 | <24")
/usr/bin/bashtop: line 660: ((: <80 | <24: syntax error: operand expected (error token is "<80 | <24")
stty: 'standard input': Inappropriate ioctl for device
stty: 'standard input': Inappropriate ioctl for device
stty: 'standard input': Inappropriate ioctl for device
/usr/bin/bashtop: line 660: ((: <80 | <24: syntax error: operand expected (error token is "<80 | <24")
stty: 'standard input': Inappropriate ioctl for device
/usr/bin/bashtop: line 660: ((: <80 | <24: syntax error: operand expected (error token is "<80 | <24")
stty: 'standard input': Inappropriate ioctl for device
stty: 'standard input': Inappropriate ioctl for device
stty: 'standard input': Inappropriate ioctl for device
stty: 'standard input': Inappropriate ioctl for device
/usr/bin/bashtop: line 660: ((: <80 | <24: syntax error: operand expected (error token is "<80 | <24")
/usr/bin/bashtop: line 660: ((: <80 | <24: syntax error: operand expected (error token is "<80 | <24")
stty: 'standard input': Inappropriate ioctl for device
stty: 'standard input': Inappropriate ioctl for device
stty: 'standard input': Inappropriate ioctl for device
stty: 'standard input': Inappropriate ioctl for device
/usr/bin/bashtop: line 660: ((: <80 | <24: syntax error: operand expected (error token is "<80 | <24")
/usr/bin/bashtop: line 660: ((: <80 | <24: syntax error: operand expected (error token is "<80 | <24")
stty: 'standard input': Inappropriate ioctl for devicestty: 
'standard input': Inappropriate ioctl for device
stty: 'standard input': Inappropriate ioctl for device
stty: 'standard input': Inappropriate ioctl for device
/usr/bin/bashtop: line 660: ((: <80 | <24: syntax error: operand expected (error token is "<80 | <24")
/usr/bin/bashtop: line 660: ((: <80 | <24: syntax error: operand expected (error token is "<80 | <24")
stty: 'standard input': Inappropriate ioctl for device
stty: 'standard input': Inappropriate ioctl for device
stty: 'standard input': Inappropriate ioctl for device
stty: 'standard input': Inappropriate ioctl for device
/usr/bin/bashtop: line 660: ((: <80 | <24: syntax error: operand expected (error token is "<80 | <24")
/usr/bin/bashtop: line 660: ((: <80 | <24: syntax error: operand expected (error token is "<80 | <24")
stty: 'standard input': Inappropriate ioctl for device
stty: 'standard input': Inappropriate ioctl for device
stty: 'standard input': Inappropriate ioctl for device
stty: 'standard input': Inappropriate ioctl for device
/usr/bin/bashtop: line 660: ((: <80 | <24: syntax error: operand expected (error token is "<80 | <24")
/usr/bin/bashtop: line 660: ((: <80 | <24: syntax error: operand expected (error token is "<80 | <24")
stty: stty: 'standard input''standard input': Inappropriate ioctl for device: Inappropriate ioctl for device

stty: 'standard input': Inappropriate ioctl for device
stty: 'standard input': Inappropriate ioctl for device
/usr/bin/bashtop: line 660: ((: <80 | <24: syntax error: operand expected (error token is "<80 | <24")
/usr/bin/bashtop: line 660: ((: <80 | <24: syntax error: operand expected (error token is "<80 | <24")
stty: 'standard input': Inappropriate ioctl for device
stty: 'standard input': Inappropriate ioctl for device
stty: 'standard input': Inappropriate ioctl for device
stty: 'standard input': Inappropriate ioctl for device
/usr/bin/bashtop: line 660: ((: <80 | <24: syntax error: operand expected (error token is "<80 | <24")
/usr/bin/bashtop: line 660: ((: <80 | <24: syntax error: operand expected (error token is "<80 | <24")
stty: stty: 'standard input''standard input': Inappropriate ioctl for device: Inappropriate ioctl for device

stty: stty: 'standard input''standard input': Inappropriate ioctl for device: Inappropriate ioctl for device

/usr/bin/bashtop: line 660: ((: <80 | <24: syntax error: operand expected (error token is "<80 | <24")
/usr/bin/bashtop: line 660: ((: <80 | <24: syntax error: operand expected (error token is "<80 | <24")
stty: 'standard input': Inappropriate ioctl for device
stty: 'standard input': Inappropriate ioctl for device
stty: 'standard input': Inappropriate ioctl for device
stty: 'standard input': Inappropriate ioctl for device
/usr/bin/bashtop: line 660: ((: <80 | <24: syntax error: operand expected (error token is "<80 | <24")
/usr/bin/bashtop: line 660: ((: <80 | <24: syntax error: operand expected (error token is "<80 | <24")
stty: 'standard input': Inappropriate ioctl for device
stty: 'standard input': Inappropriate ioctl for device
stty: 'standard input': Inappropriate ioctl for device
stty: 'standard input': Inappropriate ioctl for device
/usr/bin/bashtop: line 660: ((: <80 | <24: syntax error: operand expected (error token is "<80 | <24")
/usr/bin/bashtop: line 660: ((: <80 | <24: syntax error: operand expected (error token is "<80 | <24")
stty: stty: 'standard input''standard input': Inappropriate ioctl for device: Inappropriate ioctl for device

stty: 'standard input': Inappropriate ioctl for device
stty: 'standard input': Inappropriate ioctl for device
/usr/bin/bashtop: line 660: ((: <80 | <24: syntax error: operand expected (error token is "<80 | <24")
/usr/bin/bashtop: line 660: ((: <80 | <24: syntax error: operand expected (error token is "<80 | <24")
stty: 'standard input': Inappropriate ioctl for device
stty: 'standard input': Inappropriate ioctl for device
stty: 'standard input': Inappropriate ioctl for device
/usr/bin/bashtop: line 660: ((: <80 | <24: syntax error: operand expected (error token is "<80 | <24")
stty: 'standard input': Inappropriate ioctl for device
/usr/bin/bashtop: line 660: ((: <80 | <24: syntax error: operand expected (error token is "<80 | <24")
stty: 'standard input': Inappropriate ioctl for device
stty: 'standard input': Inappropriate ioctl for device
stty: 'standard input': Inappropriate ioctl for device
stty: 'standard input': Inappropriate ioctl for device
/usr/bin/bashtop: line 660: ((: <80 | <24: syntax error: operand expected (error token is "<80 | <24")
/usr/bin/bashtop: line 660: ((: <80 | <24: syntax error: operand expected (error token is "<80 | <24")
stty: 'standard input': Inappropriate ioctl for device
stty: 'standard input': Inappropriate ioctl for device
stty: 'standard input': Inappropriate ioctl for device
stty: 'standard input': Inappropriate ioctl for device
/usr/bin/bashtop: line 660: ((: <80 | <24: syntax error: operand expected (error token is "<80 | <24")
/usr/bin/bashtop: line 660: ((: <80 | <24: syntax error: operand expected (error token is "<80 | <24")
stty: 'standard input': Inappropriate ioctl for device
stty: 'standard input': Inappropriate ioctl for device
stty: 'standard input': Inappropriate ioctl for device
stty: 'standard input': Inappropriate ioctl for device
/usr/bin/bashtop: line 660: ((: <80 | <24: syntax error: operand expected (error token is "<80 | <24")
/usr/bin/bashtop: line 660: ((: <80 | <24: syntax error: operand expected (error token is "<80 | <24")
stty: 'standard input': Inappropriate ioctl for device
stty: 'standard input': Inappropriate ioctl for device
stty: 'standard input': Inappropriate ioctl for device
stty: 'standard input': Inappropriate ioctl for device
/usr/bin/bashtop: line 660: ((: <80 | <24: syntax error: operand expected (error token is "<80 | <24")
/usr/bin/bashtop: line 660: ((: <80 | <24: syntax error: operand expected (error token is "<80 | <24")
stty: stty: 'standard input': Inappropriate ioctl for device'standard input'
: Inappropriate ioctl for device
stty: stty: 'standard input''standard input': Inappropriate ioctl for device: Inappropriate ioctl for device

/usr/bin/bashtop: line 660: ((: <80 | <24: syntax error: operand expected (error token is "<80 | <24")
/usr/bin/bashtop: line 660: ((: <80 | <24: syntax error: operand expected (error token is "<80 | <24")
stty: 'standard input'stty: : Inappropriate ioctl for device
'standard input': Inappropriate ioctl for device
stty: 'standard input': Inappropriate ioctl for device
stty: 'standard input': Inappropriate ioctl for device
/usr/bin/bashtop: line 660: ((: <80 | <24: syntax error: operand expected (error token is "<80 | <24")
/usr/bin/bashtop: line 660: ((: <80 | <24: syntax error: operand expected (error token is "<80 | <24")
stty: 'standard input': Inappropriate ioctl for device
stty: 'standard input': Inappropriate ioctl for device
stty: 'standard input': Inappropriate ioctl for device
/usr/bin/bashtop: line 660: ((: <80 | <24: syntax error: operand expected (error token is "<80 | <24")
stty: 'standard input': Inappropriate ioctl for device
/usr/bin/bashtop: line 660: ((: <80 | <24: syntax error: operand expected (error token is "<80 | <24")
stty: 'standard input': Inappropriate ioctl for device
stty: 'standard input': Inappropriate ioctl for device
stty: 'standard input': Inappropriate ioctl for device
/usr/bin/bashtop: line 660: ((: <80 | <24: syntax error: operand expected (error token is "<80 | <24")
stty: 'standard input': Inappropriate ioctl for device
/usr/bin/bashtop: line 660: ((: <80 | <24: syntax error: operand expected (error token is "<80 | <24")
stty: 'standard input': Inappropriate ioctl for device
stty: 'standard input': Inappropriate ioctl for device
stty: 'standard input': Inappropriate ioctl for device
stty: 'standard input': Inappropriate ioctl for device
/usr/bin/bashtop: line 660: ((: <80 | <24: syntax error: operand expected (error token is "<80 | <24")
/usr/bin/bashtop: line 660: ((: <80 | <24: syntax error: operand expected (error token is "<80 | <24")
stty: 'standard input': Inappropriate ioctl for device
stty: 'standard input': Inappropriate ioctl for device
stty: 'standard input': Inappropriate ioctl for device
stty: 'standard input': Inappropriate ioctl for device
/usr/bin/bashtop: line 660: ((: <80 | <24: syntax error: operand expected (error token is "<80 | <24")
/usr/bin/bashtop: line 660: ((: <80 | <24: syntax error: operand expected (error token is "<80 | <24")
stty: 'standard input': Inappropriate ioctl for device
stty: 'standard input': Inappropriate ioctl for device
stty: stty: 'standard input''standard input': Inappropriate ioctl for device: Inappropriate ioctl for device

/usr/bin/bashtop: line 660: ((: <80 | <24: syntax error: operand expected (error token is "<80 | <24")
/usr/bin/bashtop: line 660: ((: <80 | <24: syntax error: operand expected (error token is "<80 | <24")
stty: 'standard input': Inappropriate ioctl for devicestty: 
'standard input': Inappropriate ioctl for device
stty: 'standard input': Inappropriate ioctl for devicestty: 
'standard input': Inappropriate ioctl for device
/usr/bin/bashtop: line 660: ((: <80 | <24: syntax error: operand expected (error token is "<80 | <24")
/usr/bin/bashtop: line 660: ((: <80 | <24: syntax error: operand expected (error token is "<80 | <24")
stty: 'standard input': Inappropriate ioctl for device
stty: 'standard input': Inappropriate ioctl for device
stty: 'standard input': Inappropriate ioctl for device
stty: 'standard input': Inappropriate ioctl for device
/usr/bin/bashtop: line 660: ((: <80 | <24: syntax error: operand expected (error token is "<80 | <24")
/usr/bin/bashtop: line 660: ((: <80 | <24: syntax error: operand expected (error token is "<80 | <24")
stty: stty: 'standard input''standard input': Inappropriate ioctl for device: Inappropriate ioctl for device

stty: 'standard input': Inappropriate ioctl for device
stty: 'standard input' 
New instance of bashtop version: 0.9.25 Pid: 351027
 
New instance of bashtop version: 0.9.25 Pid: 1673
 
New instance of bashtop version: 0.9.25 Pid: 3971
 
New instance of bashtop version: 0.9.25 Pid: 6171
